Determining if the pthread_create exist failed with the following output:
Change Dir: /home/karl/Documents/NeuTeacher/NeoTeacher/Client/cmake-build-debug/CMakeFiles/CMakeTmp

Run Build Command:"/usr/bin/make" "cmTC_626bb/fast"
/usr/bin/make -f CMakeFiles/cmTC_626bb.dir/build.make CMakeFiles/cmTC_626bb.dir/build
make[1]: Entering directory '/home/karl/Documents/NeuTeacher/NeoTeacher/Client/cmake-build-debug/CMakeFiles/CMakeTmp'
Building C object CMakeFiles/cmTC_626bb.dir/CheckSymbolExists.c.o
/usr/bin/cc    -o CMakeFiles/cmTC_626bb.dir/CheckSymbolExists.c.o   -c /home/karl/Documents/NeuTeacher/NeoTeacher/Client/cmake-build-debug/CMakeFiles/CMakeTmp/CheckSymbolExists.c
Linking C executable cmTC_626bb
/home/karl/.local/share/JetBrains/Toolbox/apps/CLion/ch-0/182.3684.76/bin/cmake/linux/bin/cmake -E cmake_link_script CMakeFiles/cmTC_626bb.dir/link.txt --verbose=1
/usr/bin/cc      CMakeFiles/cmTC_626bb.dir/CheckSymbolExists.c.o  -o cmTC_626bb 
CMakeFiles/cmTC_626bb.dir/CheckSymbolExists.c.o: In function `main':
CheckSymbolExists.c:(.text+0x1b): undefined reference to `pthread_create'
collect2: error: ld returned 1 exit status
CMakeFiles/cmTC_626bb.dir/build.make:86: recipe for target 'cmTC_626bb' failed
make[1]: *** [cmTC_626bb] Error 1
make[1]: Leaving directory '/home/karl/Documents/NeuTeacher/NeoTeacher/Client/cmake-build-debug/CMakeFiles/CMakeTmp'
Makefile:121: recipe for target 'cmTC_626bb/fast' failed
make: *** [cmTC_626bb/fast] Error 2

File /home/karl/Documents/NeuTeacher/NeoTeacher/Client/cmake-build-debug/CMakeFiles/CMakeTmp/CheckSymbolExists.c:
/* */
#include <pthread.h>

int main(int argc, char** argv)
{
  (void)argv;
#ifndef pthread_create
  return ((int*)(&pthread_create))[argc];
#else
  (void)argc;
  return 0;
#endif
}

Determining if the function pthread_create exists in the pthreads failed with the following output:
Change Dir: /home/karl/Documents/NeuTeacher/NeoTeacher/Client/cmake-build-debug/CMakeFiles/CMakeTmp

Run Build Command:"/usr/bin/make" "cmTC_bee2b/fast"
/usr/bin/make -f CMakeFiles/cmTC_bee2b.dir/build.make CMakeFiles/cmTC_bee2b.dir/build
make[1]: Entering directory '/home/karl/Documents/NeuTeacher/NeoTeacher/Client/cmake-build-debug/CMakeFiles/CMakeTmp'
Building C object CMakeFiles/cmTC_bee2b.dir/CheckFunctionExists.c.o
/usr/bin/cc   -DCHECK_FUNCTION_EXISTS=pthread_create   -o CMakeFiles/cmTC_bee2b.dir/CheckFunctionExists.c.o   -c /home/karl/.local/share/JetBrains/Toolbox/apps/CLion/ch-0/182.3684.76/bin/cmake/linux/share/cmake-3.12/Modules/CheckFunctionExists.c
Linking C executable cmTC_bee2b
/home/karl/.local/share/JetBrains/Toolbox/apps/CLion/ch-0/182.3684.76/bin/cmake/linux/bin/cmake -E cmake_link_script CMakeFiles/cmTC_bee2b.dir/link.txt --verbose=1
/usr/bin/cc  -DCHECK_FUNCTION_EXISTS=pthread_create    CMakeFiles/cmTC_bee2b.dir/CheckFunctionExists.c.o  -o cmTC_bee2b -lpthreads 
/usr/bin/x86_64-linux-gnu-ld: cannot find -lpthreads
collect2: error: ld returned 1 exit status
CMakeFiles/cmTC_bee2b.dir/build.make:86: recipe for target 'cmTC_bee2b' failed
make[1]: *** [cmTC_bee2b] Error 1
make[1]: Leaving directory '/home/karl/Documents/NeuTeacher/NeoTeacher/Client/cmake-build-debug/CMakeFiles/CMakeTmp'
Makefile:121: recipe for target 'cmTC_bee2b/fast' failed
make: *** [cmTC_bee2b/fast] Error 2


