Determining if the pthread_create exist failed with the following output:
Change Dir: /home/karl/Documents/NeuTeacher/NeoTeacher/NeoTeacherClient/cmake-build-debug/CMakeFiles/CMakeTmp

Run Build Command:"/usr/bin/make" "cmTC_9a633/fast"
/usr/bin/make -f CMakeFiles/cmTC_9a633.dir/build.make CMakeFiles/cmTC_9a633.dir/build
make[1]: Entering directory '/home/karl/Documents/NeuTeacher/NeoTeacher/NeoTeacherClient/cmake-build-debug/CMakeFiles/CMakeTmp'
Building C object CMakeFiles/cmTC_9a633.dir/CheckSymbolExists.c.o
/usr/bin/cc    -o CMakeFiles/cmTC_9a633.dir/CheckSymbolExists.c.o   -c /home/karl/Documents/NeuTeacher/NeoTeacher/NeoTeacherClient/cmake-build-debug/CMakeFiles/CMakeTmp/CheckSymbolExists.c
Linking C executable cmTC_9a633
/home/karl/.local/share/JetBrains/Toolbox/apps/CLion/ch-0/182.3684.76/bin/cmake/linux/bin/cmake -E cmake_link_script CMakeFiles/cmTC_9a633.dir/link.txt --verbose=1
/usr/bin/cc      CMakeFiles/cmTC_9a633.dir/CheckSymbolExists.c.o  -o cmTC_9a633 
CMakeFiles/cmTC_9a633.dir/CheckSymbolExists.c.o: In function `main':
CheckSymbolExists.c:(.text+0x1b): undefined reference to `pthread_create'
collect2: error: ld returned 1 exit status
CMakeFiles/cmTC_9a633.dir/build.make:86: recipe for target 'cmTC_9a633' failed
make[1]: *** [cmTC_9a633] Error 1
make[1]: Leaving directory '/home/karl/Documents/NeuTeacher/NeoTeacher/NeoTeacherClient/cmake-build-debug/CMakeFiles/CMakeTmp'
Makefile:121: recipe for target 'cmTC_9a633/fast' failed
make: *** [cmTC_9a633/fast] Error 2

File /home/karl/Documents/NeuTeacher/NeoTeacher/NeoTeacherClient/cmake-build-debug/CMakeFiles/CMakeTmp/CheckSymbolExists.c:
/* */
#include <pthread.h>

int main(int argc, char** argv)
{
  (void)argv;
#ifndef pthread_create
  return ((int*)(&pthread_create))[argc];
#else
  (void)argc;
  return 0;
#endif
}

Determining if the function pthread_create exists in the pthreads failed with the following output:
Change Dir: /home/karl/Documents/NeuTeacher/NeoTeacher/NeoTeacherClient/cmake-build-debug/CMakeFiles/CMakeTmp

Run Build Command:"/usr/bin/make" "cmTC_9fcc3/fast"
/usr/bin/make -f CMakeFiles/cmTC_9fcc3.dir/build.make CMakeFiles/cmTC_9fcc3.dir/build
make[1]: Entering directory '/home/karl/Documents/NeuTeacher/NeoTeacher/NeoTeacherClient/cmake-build-debug/CMakeFiles/CMakeTmp'
Building C object CMakeFiles/cmTC_9fcc3.dir/CheckFunctionExists.c.o
/usr/bin/cc   -DCHECK_FUNCTION_EXISTS=pthread_create   -o CMakeFiles/cmTC_9fcc3.dir/CheckFunctionExists.c.o   -c /home/karl/.local/share/JetBrains/Toolbox/apps/CLion/ch-0/182.3684.76/bin/cmake/linux/share/cmake-3.12/Modules/CheckFunctionExists.c
Linking C executable cmTC_9fcc3
/home/karl/.local/share/JetBrains/Toolbox/apps/CLion/ch-0/182.3684.76/bin/cmake/linux/bin/cmake -E cmake_link_script CMakeFiles/cmTC_9fcc3.dir/link.txt --verbose=1
/usr/bin/cc  -DCHECK_FUNCTION_EXISTS=pthread_create    CMakeFiles/cmTC_9fcc3.dir/CheckFunctionExists.c.o  -o cmTC_9fcc3 -lpthreads 
/usr/bin/x86_64-linux-gnu-ld: cannot find -lpthreads
collect2: error: ld returned 1 exit status
CMakeFiles/cmTC_9fcc3.dir/build.make:86: recipe for target 'cmTC_9fcc3' failed
make[1]: *** [cmTC_9fcc3] Error 1
make[1]: Leaving directory '/home/karl/Documents/NeuTeacher/NeoTeacher/NeoTeacherClient/cmake-build-debug/CMakeFiles/CMakeTmp'
Makefile:121: recipe for target 'cmTC_9fcc3/fast' failed
make: *** [cmTC_9fcc3/fast] Error 2


